<?xml version="1.0" encoding="UTF-8"?>
<!-- Generated by org.testng.reporters.JUnitXMLReporter -->
<testsuite ignored="0" hostname="DESKTOP-P1NO48F" failures="1" tests="2" name="Default test" time="28.813" errors="0" timestamp="2021-11-14T17:32:14 IST">
  <testcase classname="io.cucumber.testng.AbstractTestNGCucumberTests" name="runScenario" time="22.696">
    <failure type="java.lang.AssertionError" message="expected [Work Type &amp;quot;Salesforce ProjectSpecimen&amp;quot; was created.] but found [Work Type &amp;quot;Salesforce Project1Specimen&amp;quot; was created.]">
      <![CDATA[java.lang.AssertionError: expected [Work Type "Salesforce ProjectSpecimen" was created.] but found [Work Type "Salesforce Project1Specimen" was created.]
at org.testng.Assert.fail(Assert.java:99)
at org.testng.Assert.failNotEquals(Assert.java:1037)
at org.testng.Assert.assertEqualsImpl(Assert.java:140)
at org.testng.Assert.assertEquals(Assert.java:122)
at org.testng.Assert.assertEquals(Assert.java:629)
at org.testng.Assert.assertEquals(Assert.java:639)
at threadlocalpages.NewWorkTypepageobjects.verifyCreatedMessage(NewWorkTypepageobjects.java:126)
at ✽.Verify the Created message(file:///S:/Testleaf/Workspace/FsAutomation/src/test/java/features/CreateWorkType.feature:26)
]]>
    </failure>
  </testcase> <!-- runScenario -->
  <testcase classname="io.cucumber.testng.AbstractTestNGCucumberTests" name="runScenario" time="22.544"/>
</testsuite> <!-- Default test -->
